{"$message_type":"diagnostic","message":"no function or associated item named `create_type` found for struct `anchor_spl::token::TokenAccount` in the current scope","code":{"code":"E0599","explanation":"This error occurs when a method is used on a type which doesn't implement it:\n\nErroneous code example:\n\n```compile_fail,E0599\nstruct Mouth;\n\nlet x = Mouth;\nx.chocolate(); // error: no method named `chocolate` found for type `Mouth`\n               //        in the current scope\n```\n\nIn this case, you need to implement the `chocolate` method to fix the error:\n\n```\nstruct Mouth;\n\nimpl Mouth {\n    fn chocolate(&self) { // We implement the `chocolate` method here.\n        println!(\"Hmmm! I love chocolate!\");\n    }\n}\n\nlet x = Mouth;\nx.chocolate(); // ok!\n```\n"},"level":"error","spans":[{"file_name":"programs/gift_staking/src/lib.rs","byte_start":3289,"byte_end":3297,"line_start":88,"line_end":88,"column_start":10,"column_end":18,"is_primary":true,"text":[{"text":"#[derive(Accounts)]","highlight_start":10,"highlight_end":18}],"label":"function or associated item not found in `anchor_spl::token::TokenAccount`","suggested_replacement":null,"suggestion_applicability":null,"expansion":{"span":{"file_name":"programs/gift_staking/src/lib.rs","byte_start":3289,"byte_end":3297,"line_start":88,"line_end":88,"column_start":10,"column_end":18,"is_primary":false,"text":[{"text":"#[derive(Accounts)]","highlight_start":10,"highlight_end":18}],"label":null,"suggested_replacement":null,"suggestion_applicability":null,"expansion":null},"macro_decl_name":"#[derive(Accounts)]","def_site_span":{"file_name":"/home/tower/.cargo/registry/src/index.crates.io-1949cf8c6b5b557f/anchor-derive-accounts-0.30.1/src/lib.rs","byte_start":29061,"byte_end":29117,"line_start":631,"line_end":631,"column_start":1,"column_end":57,"is_primary":false,"text":[{"text":"pub fn derive_accounts(item: TokenStream) -> TokenStream {","highlight_start":1,"highlight_end":57}],"label":null,"suggested_replacement":null,"suggestion_applicability":null,"expansion":null}}}],"children":[],"rendered":"\u001b[1m\u001b[91merror[E0599]\u001b[0m\u001b[1m: no function or associated item named `create_type` found for struct `anchor_spl::token::TokenAccount` in the current scope\u001b[0m\n  \u001b[1m\u001b[94m--> \u001b[0mprograms/gift_staking/src/lib.rs:88:10\n   \u001b[1m\u001b[94m|\u001b[0m\n\u001b[1m\u001b[94m88\u001b[0m \u001b[1m\u001b[94m|\u001b[0m #[derive(Accounts)]\n   \u001b[1m\u001b[94m|\u001b[0m          \u001b[1m\u001b[91m^^^^^^^^\u001b[0m \u001b[1m\u001b[91mfunction or associated item not found in `anchor_spl::token::TokenAccount`\u001b[0m\n   \u001b[1m\u001b[94m|\u001b[0m\n   \u001b[1m\u001b[94m= \u001b[0m\u001b[1mnote\u001b[0m: this error originates in the derive macro `Accounts` (in Nightly builds, run with -Z macro-backtrace for more info)\n\n"}
{"$message_type":"diagnostic","message":"the trait bound `anchor_spl::token::TokenAccount: Discriminator` is not satisfied","code":{"code":"E0277","explanation":"You tried to use a type which doesn't implement some trait in a place which\nexpected that trait.\n\nErroneous code example:\n\n```compile_fail,E0277\n// here we declare the Foo trait with a bar method\ntrait Foo {\n    fn bar(&self);\n}\n\n// we now declare a function which takes an object implementing the Foo trait\nfn some_func<T: Foo>(foo: T) {\n    foo.bar();\n}\n\nfn main() {\n    // we now call the method with the i32 type, which doesn't implement\n    // the Foo trait\n    some_func(5i32); // error: the trait bound `i32 : Foo` is not satisfied\n}\n```\n\nIn order to fix this error, verify that the type you're using does implement\nthe trait. Example:\n\n```\ntrait Foo {\n    fn bar(&self);\n}\n\n// we implement the trait on the i32 type\nimpl Foo for i32 {\n    fn bar(&self) {}\n}\n\nfn some_func<T: Foo>(foo: T) {\n    foo.bar(); // we can now use this method since i32 implements the\n               // Foo trait\n}\n\nfn main() {\n    some_func(5i32); // ok!\n}\n```\n\nOr in a generic context, an erroneous code example would look like:\n\n```compile_fail,E0277\nfn some_func<T>(foo: T) {\n    println!(\"{:?}\", foo); // error: the trait `core::fmt::Debug` is not\n                           //        implemented for the type `T`\n}\n\nfn main() {\n    // We now call the method with the i32 type,\n    // which *does* implement the Debug trait.\n    some_func(5i32);\n}\n```\n\nNote that the error here is in the definition of the generic function. Although\nwe only call it with a parameter that does implement `Debug`, the compiler\nstill rejects the function. It must work with all possible input types. In\norder to make this example compile, we need to restrict the generic type we're\naccepting:\n\n```\nuse std::fmt;\n\n// Restrict the input type to types that implement Debug.\nfn some_func<T: fmt::Debug>(foo: T) {\n    println!(\"{:?}\", foo);\n}\n\nfn main() {\n    // Calling the method is still fine, as i32 implements Debug.\n    some_func(5i32);\n\n    // This would fail to compile now:\n    // struct WithoutDebug;\n    // some_func(WithoutDebug);\n}\n```\n\nRust only looks at the signature of the called function, as such it must\nalready specify all requirements that will be used for every type parameter.\n"},"level":"error","spans":[{"file_name":"programs/gift_staking/src/lib.rs","byte_start":3438,"byte_end":3450,"line_start":93,"line_end":93,"column_start":44,"column_end":56,"is_primary":true,"text":[{"text":"    pub user_token_account: Account<'info, TokenAccount>,","highlight_start":44,"highlight_end":56}],"label":"the trait `Discriminator` is not implemented for `anchor_spl::token::TokenAccount`","suggested_replacement":null,"suggestion_applicability":null,"expansion":null}],"children":[{"message":"the following other types implement trait `Discriminator`:\n  IdlAccount\n  StakeInfo\n  anchor_lang::ProgramData\n  instruction::InitializeStake\n  instruction::Stake\n  instruction::Unstake","code":null,"level":"help","spans":[],"children":[],"rendered":null}],"rendered":"\u001b[1m\u001b[91merror[E0277]\u001b[0m\u001b[1m: the trait bound `anchor_spl::token::TokenAccount: Discriminator` is not satisfied\u001b[0m\n  \u001b[1m\u001b[94m--> \u001b[0mprograms/gift_staking/src/lib.rs:93:44\n   \u001b[1m\u001b[94m|\u001b[0m\n\u001b[1m\u001b[94m93\u001b[0m \u001b[1m\u001b[94m|\u001b[0m     pub user_token_account: Account<'info, TokenAccount>,\n   \u001b[1m\u001b[94m|\u001b[0m                                            \u001b[1m\u001b[91m^^^^^^^^^^^^\u001b[0m \u001b[1m\u001b[91mthe trait `Discriminator` is not implemented for `anchor_spl::token::TokenAccount`\u001b[0m\n   \u001b[1m\u001b[94m|\u001b[0m\n   \u001b[1m\u001b[94m= \u001b[0m\u001b[1mhelp\u001b[0m: the following other types implement trait `Discriminator`:\n             IdlAccount\n             StakeInfo\n             anchor_lang::ProgramData\n             instruction::InitializeStake\n             instruction::Stake\n             instruction::Unstake\n\n"}
{"$message_type":"diagnostic","message":"no function or associated item named `insert_types` found for struct `anchor_spl::token::TokenAccount` in the current scope","code":{"code":"E0599","explanation":"This error occurs when a method is used on a type which doesn't implement it:\n\nErroneous code example:\n\n```compile_fail,E0599\nstruct Mouth;\n\nlet x = Mouth;\nx.chocolate(); // error: no method named `chocolate` found for type `Mouth`\n               //        in the current scope\n```\n\nIn this case, you need to implement the `chocolate` method to fix the error:\n\n```\nstruct Mouth;\n\nimpl Mouth {\n    fn chocolate(&self) { // We implement the `chocolate` method here.\n        println!(\"Hmmm! I love chocolate!\");\n    }\n}\n\nlet x = Mouth;\nx.chocolate(); // ok!\n```\n"},"level":"error","spans":[{"file_name":"programs/gift_staking/src/lib.rs","byte_start":3289,"byte_end":3297,"line_start":88,"line_end":88,"column_start":10,"column_end":18,"is_primary":true,"text":[{"text":"#[derive(Accounts)]","highlight_start":10,"highlight_end":18}],"label":"function or associated item not found in `anchor_spl::token::TokenAccount`","suggested_replacement":null,"suggestion_applicability":null,"expansion":{"span":{"file_name":"programs/gift_staking/src/lib.rs","byte_start":3289,"byte_end":3297,"line_start":88,"line_end":88,"column_start":10,"column_end":18,"is_primary":false,"text":[{"text":"#[derive(Accounts)]","highlight_start":10,"highlight_end":18}],"label":null,"suggested_replacement":null,"suggestion_applicability":null,"expansion":null},"macro_decl_name":"#[derive(Accounts)]","def_site_span":{"file_name":"/home/tower/.cargo/registry/src/index.crates.io-1949cf8c6b5b557f/anchor-derive-accounts-0.30.1/src/lib.rs","byte_start":29061,"byte_end":29117,"line_start":631,"line_end":631,"column_start":1,"column_end":57,"is_primary":false,"text":[{"text":"pub fn derive_accounts(item: TokenStream) -> TokenStream {","highlight_start":1,"highlight_end":57}],"label":null,"suggested_replacement":null,"suggestion_applicability":null,"expansion":null}}}],"children":[],"rendered":"\u001b[1m\u001b[91merror[E0599]\u001b[0m\u001b[1m: no function or associated item named `insert_types` found for struct `anchor_spl::token::TokenAccount` in the current scope\u001b[0m\n  \u001b[1m\u001b[94m--> \u001b[0mprograms/gift_staking/src/lib.rs:88:10\n   \u001b[1m\u001b[94m|\u001b[0m\n\u001b[1m\u001b[94m88\u001b[0m \u001b[1m\u001b[94m|\u001b[0m #[derive(Accounts)]\n   \u001b[1m\u001b[94m|\u001b[0m          \u001b[1m\u001b[91m^^^^^^^^\u001b[0m \u001b[1m\u001b[91mfunction or associated item not found in `anchor_spl::token::TokenAccount`\u001b[0m\n   \u001b[1m\u001b[94m|\u001b[0m\n   \u001b[1m\u001b[94m= \u001b[0m\u001b[1mnote\u001b[0m: this error originates in the derive macro `Accounts` (in Nightly builds, run with -Z macro-backtrace for more info)\n\n"}
{"$message_type":"diagnostic","message":"the trait bound `anchor_spl::token::TokenAccount: Discriminator` is not satisfied","code":{"code":"E0277","explanation":"You tried to use a type which doesn't implement some trait in a place which\nexpected that trait.\n\nErroneous code example:\n\n```compile_fail,E0277\n// here we declare the Foo trait with a bar method\ntrait Foo {\n    fn bar(&self);\n}\n\n// we now declare a function which takes an object implementing the Foo trait\nfn some_func<T: Foo>(foo: T) {\n    foo.bar();\n}\n\nfn main() {\n    // we now call the method with the i32 type, which doesn't implement\n    // the Foo trait\n    some_func(5i32); // error: the trait bound `i32 : Foo` is not satisfied\n}\n```\n\nIn order to fix this error, verify that the type you're using does implement\nthe trait. Example:\n\n```\ntrait Foo {\n    fn bar(&self);\n}\n\n// we implement the trait on the i32 type\nimpl Foo for i32 {\n    fn bar(&self) {}\n}\n\nfn some_func<T: Foo>(foo: T) {\n    foo.bar(); // we can now use this method since i32 implements the\n               // Foo trait\n}\n\nfn main() {\n    some_func(5i32); // ok!\n}\n```\n\nOr in a generic context, an erroneous code example would look like:\n\n```compile_fail,E0277\nfn some_func<T>(foo: T) {\n    println!(\"{:?}\", foo); // error: the trait `core::fmt::Debug` is not\n                           //        implemented for the type `T`\n}\n\nfn main() {\n    // We now call the method with the i32 type,\n    // which *does* implement the Debug trait.\n    some_func(5i32);\n}\n```\n\nNote that the error here is in the definition of the generic function. Although\nwe only call it with a parameter that does implement `Debug`, the compiler\nstill rejects the function. It must work with all possible input types. In\norder to make this example compile, we need to restrict the generic type we're\naccepting:\n\n```\nuse std::fmt;\n\n// Restrict the input type to types that implement Debug.\nfn some_func<T: fmt::Debug>(foo: T) {\n    println!(\"{:?}\", foo);\n}\n\nfn main() {\n    // Calling the method is still fine, as i32 implements Debug.\n    some_func(5i32);\n\n    // This would fail to compile now:\n    // struct WithoutDebug;\n    // some_func(WithoutDebug);\n}\n```\n\nRust only looks at the signature of the called function, as such it must\nalready specify all requirements that will be used for every type parameter.\n"},"level":"error","spans":[{"file_name":"programs/gift_staking/src/lib.rs","byte_start":3517,"byte_end":3529,"line_start":95,"line_end":95,"column_start":45,"column_end":57,"is_primary":true,"text":[{"text":"    pub vault_token_account: Account<'info, TokenAccount>,","highlight_start":45,"highlight_end":57}],"label":"the trait `Discriminator` is not implemented for `anchor_spl::token::TokenAccount`","suggested_replacement":null,"suggestion_applicability":null,"expansion":null}],"children":[{"message":"the following other types implement trait `Discriminator`:\n  IdlAccount\n  StakeInfo\n  anchor_lang::ProgramData\n  instruction::InitializeStake\n  instruction::Stake\n  instruction::Unstake","code":null,"level":"help","spans":[],"children":[],"rendered":null}],"rendered":"\u001b[1m\u001b[91merror[E0277]\u001b[0m\u001b[1m: the trait bound `anchor_spl::token::TokenAccount: Discriminator` is not satisfied\u001b[0m\n  \u001b[1m\u001b[94m--> \u001b[0mprograms/gift_staking/src/lib.rs:95:45\n   \u001b[1m\u001b[94m|\u001b[0m\n\u001b[1m\u001b[94m95\u001b[0m \u001b[1m\u001b[94m|\u001b[0m     pub vault_token_account: Account<'info, TokenAccount>,\n   \u001b[1m\u001b[94m|\u001b[0m                                             \u001b[1m\u001b[91m^^^^^^^^^^^^\u001b[0m \u001b[1m\u001b[91mthe trait `Discriminator` is not implemented for `anchor_spl::token::TokenAccount`\u001b[0m\n   \u001b[1m\u001b[94m|\u001b[0m\n   \u001b[1m\u001b[94m= \u001b[0m\u001b[1mhelp\u001b[0m: the following other types implement trait `Discriminator`:\n             IdlAccount\n             StakeInfo\n             anchor_lang::ProgramData\n             instruction::InitializeStake\n             instruction::Stake\n             instruction::Unstake\n\n"}
{"$message_type":"diagnostic","message":"no function or associated item named `create_type` found for struct `anchor_spl::token::TokenAccount` in the current scope","code":{"code":"E0599","explanation":"This error occurs when a method is used on a type which doesn't implement it:\n\nErroneous code example:\n\n```compile_fail,E0599\nstruct Mouth;\n\nlet x = Mouth;\nx.chocolate(); // error: no method named `chocolate` found for type `Mouth`\n               //        in the current scope\n```\n\nIn this case, you need to implement the `chocolate` method to fix the error:\n\n```\nstruct Mouth;\n\nimpl Mouth {\n    fn chocolate(&self) { // We implement the `chocolate` method here.\n        println!(\"Hmmm! I love chocolate!\");\n    }\n}\n\nlet x = Mouth;\nx.chocolate(); // ok!\n```\n"},"level":"error","spans":[{"file_name":"programs/gift_staking/src/lib.rs","byte_start":3707,"byte_end":3715,"line_start":101,"line_end":101,"column_start":10,"column_end":18,"is_primary":true,"text":[{"text":"#[derive(Accounts)]","highlight_start":10,"highlight_end":18}],"label":"function or associated item not found in `anchor_spl::token::TokenAccount`","suggested_replacement":null,"suggestion_applicability":null,"expansion":{"span":{"file_name":"programs/gift_staking/src/lib.rs","byte_start":3707,"byte_end":3715,"line_start":101,"line_end":101,"column_start":10,"column_end":18,"is_primary":false,"text":[{"text":"#[derive(Accounts)]","highlight_start":10,"highlight_end":18}],"label":null,"suggested_replacement":null,"suggestion_applicability":null,"expansion":null},"macro_decl_name":"#[derive(Accounts)]","def_site_span":{"file_name":"/home/tower/.cargo/registry/src/index.crates.io-1949cf8c6b5b557f/anchor-derive-accounts-0.30.1/src/lib.rs","byte_start":29061,"byte_end":29117,"line_start":631,"line_end":631,"column_start":1,"column_end":57,"is_primary":false,"text":[{"text":"pub fn derive_accounts(item: TokenStream) -> TokenStream {","highlight_start":1,"highlight_end":57}],"label":null,"suggested_replacement":null,"suggestion_applicability":null,"expansion":null}}}],"children":[],"rendered":"\u001b[1m\u001b[91merror[E0599]\u001b[0m\u001b[1m: no function or associated item named `create_type` found for struct `anchor_spl::token::TokenAccount` in the current scope\u001b[0m\n   \u001b[1m\u001b[94m--> \u001b[0mprograms/gift_staking/src/lib.rs:101:10\n    \u001b[1m\u001b[94m|\u001b[0m\n\u001b[1m\u001b[94m101\u001b[0m \u001b[1m\u001b[94m|\u001b[0m #[derive(Accounts)]\n    \u001b[1m\u001b[94m|\u001b[0m          \u001b[1m\u001b[91m^^^^^^^^\u001b[0m \u001b[1m\u001b[91mfunction or associated item not found in `anchor_spl::token::TokenAccount`\u001b[0m\n    \u001b[1m\u001b[94m|\u001b[0m\n    \u001b[1m\u001b[94m= \u001b[0m\u001b[1mnote\u001b[0m: this error originates in the derive macro `Accounts` (in Nightly builds, run with -Z macro-backtrace for more info)\n\n"}
{"$message_type":"diagnostic","message":"the trait bound `anchor_spl::token::TokenAccount: Discriminator` is not satisfied","code":{"code":"E0277","explanation":"You tried to use a type which doesn't implement some trait in a place which\nexpected that trait.\n\nErroneous code example:\n\n```compile_fail,E0277\n// here we declare the Foo trait with a bar method\ntrait Foo {\n    fn bar(&self);\n}\n\n// we now declare a function which takes an object implementing the Foo trait\nfn some_func<T: Foo>(foo: T) {\n    foo.bar();\n}\n\nfn main() {\n    // we now call the method with the i32 type, which doesn't implement\n    // the Foo trait\n    some_func(5i32); // error: the trait bound `i32 : Foo` is not satisfied\n}\n```\n\nIn order to fix this error, verify that the type you're using does implement\nthe trait. Example:\n\n```\ntrait Foo {\n    fn bar(&self);\n}\n\n// we implement the trait on the i32 type\nimpl Foo for i32 {\n    fn bar(&self) {}\n}\n\nfn some_func<T: Foo>(foo: T) {\n    foo.bar(); // we can now use this method since i32 implements the\n               // Foo trait\n}\n\nfn main() {\n    some_func(5i32); // ok!\n}\n```\n\nOr in a generic context, an erroneous code example would look like:\n\n```compile_fail,E0277\nfn some_func<T>(foo: T) {\n    println!(\"{:?}\", foo); // error: the trait `core::fmt::Debug` is not\n                           //        implemented for the type `T`\n}\n\nfn main() {\n    // We now call the method with the i32 type,\n    // which *does* implement the Debug trait.\n    some_func(5i32);\n}\n```\n\nNote that the error here is in the definition of the generic function. Although\nwe only call it with a parameter that does implement `Debug`, the compiler\nstill rejects the function. It must work with all possible input types. In\norder to make this example compile, we need to restrict the generic type we're\naccepting:\n\n```\nuse std::fmt;\n\n// Restrict the input type to types that implement Debug.\nfn some_func<T: fmt::Debug>(foo: T) {\n    println!(\"{:?}\", foo);\n}\n\nfn main() {\n    // Calling the method is still fine, as i32 implements Debug.\n    some_func(5i32);\n\n    // This would fail to compile now:\n    // struct WithoutDebug;\n    // some_func(WithoutDebug);\n}\n```\n\nRust only looks at the signature of the called function, as such it must\nalready specify all requirements that will be used for every type parameter.\n"},"level":"error","spans":[{"file_name":"programs/gift_staking/src/lib.rs","byte_start":4018,"byte_end":4030,"line_start":111,"line_end":111,"column_start":44,"column_end":56,"is_primary":true,"text":[{"text":"    pub user_token_account: Account<'info, TokenAccount>,","highlight_start":44,"highlight_end":56}],"label":"the trait `Discriminator` is not implemented for `anchor_spl::token::TokenAccount`","suggested_replacement":null,"suggestion_applicability":null,"expansion":null}],"children":[{"message":"the following other types implement trait `Discriminator`:\n  IdlAccount\n  StakeInfo\n  anchor_lang::ProgramData\n  instruction::InitializeStake\n  instruction::Stake\n  instruction::Unstake","code":null,"level":"help","spans":[],"children":[],"rendered":null}],"rendered":"\u001b[1m\u001b[91merror[E0277]\u001b[0m\u001b[1m: the trait bound `anchor_spl::token::TokenAccount: Discriminator` is not satisfied\u001b[0m\n   \u001b[1m\u001b[94m--> \u001b[0mprograms/gift_staking/src/lib.rs:111:44\n    \u001b[1m\u001b[94m|\u001b[0m\n\u001b[1m\u001b[94m111\u001b[0m \u001b[1m\u001b[94m|\u001b[0m     pub user_token_account: Account<'info, TokenAccount>,\n    \u001b[1m\u001b[94m|\u001b[0m                                            \u001b[1m\u001b[91m^^^^^^^^^^^^\u001b[0m \u001b[1m\u001b[91mthe trait `Discriminator` is not implemented for `anchor_spl::token::TokenAccount`\u001b[0m\n    \u001b[1m\u001b[94m|\u001b[0m\n    \u001b[1m\u001b[94m= \u001b[0m\u001b[1mhelp\u001b[0m: the following other types implement trait `Discriminator`:\n              IdlAccount\n              StakeInfo\n              anchor_lang::ProgramData\n              instruction::InitializeStake\n              instruction::Stake\n              instruction::Unstake\n\n"}
{"$message_type":"diagnostic","message":"no function or associated item named `insert_types` found for struct `anchor_spl::token::TokenAccount` in the current scope","code":{"code":"E0599","explanation":"This error occurs when a method is used on a type which doesn't implement it:\n\nErroneous code example:\n\n```compile_fail,E0599\nstruct Mouth;\n\nlet x = Mouth;\nx.chocolate(); // error: no method named `chocolate` found for type `Mouth`\n               //        in the current scope\n```\n\nIn this case, you need to implement the `chocolate` method to fix the error:\n\n```\nstruct Mouth;\n\nimpl Mouth {\n    fn chocolate(&self) { // We implement the `chocolate` method here.\n        println!(\"Hmmm! I love chocolate!\");\n    }\n}\n\nlet x = Mouth;\nx.chocolate(); // ok!\n```\n"},"level":"error","spans":[{"file_name":"programs/gift_staking/src/lib.rs","byte_start":3707,"byte_end":3715,"line_start":101,"line_end":101,"column_start":10,"column_end":18,"is_primary":true,"text":[{"text":"#[derive(Accounts)]","highlight_start":10,"highlight_end":18}],"label":"function or associated item not found in `anchor_spl::token::TokenAccount`","suggested_replacement":null,"suggestion_applicability":null,"expansion":{"span":{"file_name":"programs/gift_staking/src/lib.rs","byte_start":3707,"byte_end":3715,"line_start":101,"line_end":101,"column_start":10,"column_end":18,"is_primary":false,"text":[{"text":"#[derive(Accounts)]","highlight_start":10,"highlight_end":18}],"label":null,"suggested_replacement":null,"suggestion_applicability":null,"expansion":null},"macro_decl_name":"#[derive(Accounts)]","def_site_span":{"file_name":"/home/tower/.cargo/registry/src/index.crates.io-1949cf8c6b5b557f/anchor-derive-accounts-0.30.1/src/lib.rs","byte_start":29061,"byte_end":29117,"line_start":631,"line_end":631,"column_start":1,"column_end":57,"is_primary":false,"text":[{"text":"pub fn derive_accounts(item: TokenStream) -> TokenStream {","highlight_start":1,"highlight_end":57}],"label":null,"suggested_replacement":null,"suggestion_applicability":null,"expansion":null}}}],"children":[],"rendered":"\u001b[1m\u001b[91merror[E0599]\u001b[0m\u001b[1m: no function or associated item named `insert_types` found for struct `anchor_spl::token::TokenAccount` in the current scope\u001b[0m\n   \u001b[1m\u001b[94m--> \u001b[0mprograms/gift_staking/src/lib.rs:101:10\n    \u001b[1m\u001b[94m|\u001b[0m\n\u001b[1m\u001b[94m101\u001b[0m \u001b[1m\u001b[94m|\u001b[0m #[derive(Accounts)]\n    \u001b[1m\u001b[94m|\u001b[0m          \u001b[1m\u001b[91m^^^^^^^^\u001b[0m \u001b[1m\u001b[91mfunction or associated item not found in `anchor_spl::token::TokenAccount`\u001b[0m\n    \u001b[1m\u001b[94m|\u001b[0m\n    \u001b[1m\u001b[94m= \u001b[0m\u001b[1mnote\u001b[0m: this error originates in the derive macro `Accounts` (in Nightly builds, run with -Z macro-backtrace for more info)\n\n"}
{"$message_type":"diagnostic","message":"the trait bound `anchor_spl::token::TokenAccount: Discriminator` is not satisfied","code":{"code":"E0277","explanation":"You tried to use a type which doesn't implement some trait in a place which\nexpected that trait.\n\nErroneous code example:\n\n```compile_fail,E0277\n// here we declare the Foo trait with a bar method\ntrait Foo {\n    fn bar(&self);\n}\n\n// we now declare a function which takes an object implementing the Foo trait\nfn some_func<T: Foo>(foo: T) {\n    foo.bar();\n}\n\nfn main() {\n    // we now call the method with the i32 type, which doesn't implement\n    // the Foo trait\n    some_func(5i32); // error: the trait bound `i32 : Foo` is not satisfied\n}\n```\n\nIn order to fix this error, verify that the type you're using does implement\nthe trait. Example:\n\n```\ntrait Foo {\n    fn bar(&self);\n}\n\n// we implement the trait on the i32 type\nimpl Foo for i32 {\n    fn bar(&self) {}\n}\n\nfn some_func<T: Foo>(foo: T) {\n    foo.bar(); // we can now use this method since i32 implements the\n               // Foo trait\n}\n\nfn main() {\n    some_func(5i32); // ok!\n}\n```\n\nOr in a generic context, an erroneous code example would look like:\n\n```compile_fail,E0277\nfn some_func<T>(foo: T) {\n    println!(\"{:?}\", foo); // error: the trait `core::fmt::Debug` is not\n                           //        implemented for the type `T`\n}\n\nfn main() {\n    // We now call the method with the i32 type,\n    // which *does* implement the Debug trait.\n    some_func(5i32);\n}\n```\n\nNote that the error here is in the definition of the generic function. Although\nwe only call it with a parameter that does implement `Debug`, the compiler\nstill rejects the function. It must work with all possible input types. In\norder to make this example compile, we need to restrict the generic type we're\naccepting:\n\n```\nuse std::fmt;\n\n// Restrict the input type to types that implement Debug.\nfn some_func<T: fmt::Debug>(foo: T) {\n    println!(\"{:?}\", foo);\n}\n\nfn main() {\n    // Calling the method is still fine, as i32 implements Debug.\n    some_func(5i32);\n\n    // This would fail to compile now:\n    // struct WithoutDebug;\n    // some_func(WithoutDebug);\n}\n```\n\nRust only looks at the signature of the called function, as such it must\nalready specify all requirements that will be used for every type parameter.\n"},"level":"error","spans":[{"file_name":"programs/gift_staking/src/lib.rs","byte_start":4171,"byte_end":4183,"line_start":116,"line_end":116,"column_start":45,"column_end":57,"is_primary":true,"text":[{"text":"    pub vault_token_account: Account<'info, TokenAccount>,","highlight_start":45,"highlight_end":57}],"label":"the trait `Discriminator` is not implemented for `anchor_spl::token::TokenAccount`","suggested_replacement":null,"suggestion_applicability":null,"expansion":null}],"children":[{"message":"the following other types implement trait `Discriminator`:\n  IdlAccount\n  StakeInfo\n  anchor_lang::ProgramData\n  instruction::InitializeStake\n  instruction::Stake\n  instruction::Unstake","code":null,"level":"help","spans":[],"children":[],"rendered":null}],"rendered":"\u001b[1m\u001b[91merror[E0277]\u001b[0m\u001b[1m: the trait bound `anchor_spl::token::TokenAccount: Discriminator` is not satisfied\u001b[0m\n   \u001b[1m\u001b[94m--> \u001b[0mprograms/gift_staking/src/lib.rs:116:45\n    \u001b[1m\u001b[94m|\u001b[0m\n\u001b[1m\u001b[94m116\u001b[0m \u001b[1m\u001b[94m|\u001b[0m     pub vault_token_account: Account<'info, TokenAccount>,\n    \u001b[1m\u001b[94m|\u001b[0m                                             \u001b[1m\u001b[91m^^^^^^^^^^^^\u001b[0m \u001b[1m\u001b[91mthe trait `Discriminator` is not implemented for `anchor_spl::token::TokenAccount`\u001b[0m\n    \u001b[1m\u001b[94m|\u001b[0m\n    \u001b[1m\u001b[94m= \u001b[0m\u001b[1mhelp\u001b[0m: the following other types implement trait `Discriminator`:\n              IdlAccount\n              StakeInfo\n              anchor_lang::ProgramData\n              instruction::InitializeStake\n              instruction::Stake\n              instruction::Unstake\n\n"}
{"$message_type":"diagnostic","message":"aborting due to 8 previous errors","code":null,"level":"error","spans":[],"children":[],"rendered":"\u001b[1m\u001b[91merror\u001b[0m\u001b[1m: aborting due to 8 previous errors\u001b[0m\n\n"}
{"$message_type":"diagnostic","message":"Some errors have detailed explanations: E0277, E0599.","code":null,"level":"failure-note","spans":[],"children":[],"rendered":"\u001b[1mSome errors have detailed explanations: E0277, E0599.\u001b[0m\n"}
{"$message_type":"diagnostic","message":"For more information about an error, try `rustc --explain E0277`.","code":null,"level":"failure-note","spans":[],"children":[],"rendered":"\u001b[1mFor more information about an error, try `rustc --explain E0277`.\u001b[0m\n"}
